<?xml version="1.0" encoding="UTF-8"?>
<coverage generated="1732497520227" clover="3.2.0">
  <project timestamp="1732497520227" name="All files">
    <metrics statements="195" coveredstatements="125" conditionals="65" coveredconditionals="24" methods="53" coveredmethods="25" elements="313" coveredelements="174" complexity="0" loc="195" ncloc="195" packages="1" files="2" classes="2"/>
    <file name="homepage.js" path="C:\Users\jeste\Documents\COS_420_proj\TeamG\src\homepage.js">
      <metrics statements="150" coveredstatements="81" conditionals="54" coveredconditionals="15" methods="44" coveredmethods="17"/>
      <line num="10" count="1" type="stmt"/>
      <line num="12" count="1" type="stmt"/>
      <line num="13" count="28" type="stmt"/>
      <line num="14" count="28" type="stmt"/>
      <line num="15" count="28" type="stmt"/>
      <line num="16" count="28" type="stmt"/>
      <line num="17" count="28" type="stmt"/>
      <line num="18" count="28" type="stmt"/>
      <line num="19" count="28" type="stmt"/>
      <line num="20" count="28" type="stmt"/>
      <line num="21" count="28" type="stmt"/>
      <line num="23" count="28" type="stmt"/>
      <line num="38" count="28" type="stmt"/>
      <line num="39" count="10" type="stmt"/>
      <line num="41" count="10" type="stmt"/>
      <line num="42" count="10" type="cond" truecount="1" falsecount="1"/>
      <line num="43" count="10" type="stmt"/>
      <line num="44" count="10" type="stmt"/>
      <line num="45" count="10" type="stmt"/>
      <line num="46" count="10" type="stmt"/>
      <line num="48" count="10" type="stmt"/>
      <line num="49" count="10" type="stmt"/>
      <line num="50" count="10" type="cond" truecount="1" falsecount="1"/>
      <line num="51" count="0" type="stmt"/>
      <line num="62" count="0" type="stmt"/>
      <line num="64" count="10" type="stmt"/>
      <line num="67" count="10" type="stmt"/>
      <line num="68" count="10" type="cond" truecount="1" falsecount="1"/>
      <line num="69" count="10" type="stmt"/>
      <line num="70" count="10" type="cond" truecount="1" falsecount="1"/>
      <line num="71" count="10" type="stmt"/>
      <line num="73" count="10" type="stmt"/>
      <line num="74" count="10" type="stmt"/>
      <line num="76" count="10" type="stmt"/>
      <line num="77" count="10" type="stmt"/>
      <line num="78" count="10" type="cond" truecount="2" falsecount="0"/>
      <line num="80" count="0" type="stmt"/>
      <line num="83" count="0" type="stmt"/>
      <line num="87" count="10" type="stmt"/>
      <line num="90" count="28" type="stmt"/>
      <line num="91" count="4" type="stmt"/>
      <line num="94" count="28" type="stmt"/>
      <line num="95" count="4" type="stmt"/>
      <line num="96" count="4" type="stmt"/>
      <line num="99" count="28" type="stmt"/>
      <line num="100" count="0" type="stmt"/>
      <line num="101" count="0" type="stmt"/>
      <line num="102" count="0" type="stmt"/>
      <line num="103" count="0" type="stmt"/>
      <line num="104" count="0" type="stmt"/>
      <line num="105" count="0" type="stmt"/>
      <line num="106" count="0" type="stmt"/>
      <line num="108" count="0" type="stmt"/>
      <line num="109" count="0" type="stmt"/>
      <line num="113" count="28" type="stmt"/>
      <line num="114" count="4" type="stmt"/>
      <line num="116" count="4" type="cond" truecount="3" falsecount="1"/>
      <line num="117" count="4" type="stmt"/>
      <line num="119" count="4" type="stmt"/>
      <line num="120" count="4" type="stmt"/>
      <line num="123" count="4" type="cond" truecount="1" falsecount="1"/>
      <line num="124" count="0" type="cond" truecount="0" falsecount="2"/>
      <line num="126" count="0" type="cond" truecount="0" falsecount="2"/>
      <line num="127" count="0" type="stmt"/>
      <line num="128" count="0" type="stmt"/>
      <line num="129" count="0" type="cond" truecount="0" falsecount="4"/>
      <line num="130" count="0" type="cond" truecount="0" falsecount="2"/>
      <line num="132" count="0" type="stmt"/>
      <line num="134" count="0" type="stmt"/>
      <line num="135" count="0" type="cond" truecount="0" falsecount="2"/>
      <line num="136" count="0" type="stmt"/>
      <line num="137" count="0" type="cond" truecount="0" falsecount="2"/>
      <line num="139" count="0" type="stmt"/>
      <line num="140" count="0" type="stmt"/>
      <line num="142" count="0" type="stmt"/>
      <line num="143" count="0" type="cond" truecount="0" falsecount="2"/>
      <line num="144" count="0" type="stmt"/>
      <line num="145" count="0" type="stmt"/>
      <line num="146" count="0" type="stmt"/>
      <line num="147" count="0" type="cond" truecount="0" falsecount="2"/>
      <line num="148" count="0" type="stmt"/>
      <line num="149" count="0" type="stmt"/>
      <line num="150" count="0" type="stmt"/>
      <line num="151" count="0" type="stmt"/>
      <line num="152" count="0" type="stmt"/>
      <line num="153" count="0" type="stmt"/>
      <line num="156" count="0" type="stmt"/>
      <line num="157" count="0" type="stmt"/>
      <line num="158" count="0" type="stmt"/>
      <line num="160" count="4" type="stmt"/>
      <line num="166" count="4" type="stmt"/>
      <line num="168" count="4" type="stmt"/>
      <line num="178" count="4" type="stmt"/>
      <line num="179" count="4" type="stmt"/>
      <line num="180" count="4" type="stmt"/>
      <line num="183" count="4" type="stmt"/>
      <line num="185" count="0" type="stmt"/>
      <line num="188" count="0" type="stmt"/>
      <line num="192" count="28" type="stmt"/>
      <line num="193" count="0" type="cond" truecount="0" falsecount="2"/>
      <line num="194" count="0" type="stmt"/>
      <line num="198" count="28" type="stmt"/>
      <line num="199" count="0" type="cond" truecount="0" falsecount="2"/>
      <line num="200" count="0" type="stmt"/>
      <line num="204" count="28" type="stmt"/>
      <line num="205" count="0" type="cond" truecount="0" falsecount="4"/>
      <line num="206" count="0" type="stmt"/>
      <line num="207" count="0" type="stmt"/>
      <line num="208" count="0" type="stmt"/>
      <line num="209" count="0" type="stmt"/>
      <line num="210" count="0" type="stmt"/>
      <line num="212" count="0" type="stmt"/>
      <line num="215" count="0" type="stmt"/>
      <line num="219" count="28" type="stmt"/>
      <line num="220" count="0" type="cond" truecount="0" falsecount="4"/>
      <line num="221" count="0" type="stmt"/>
      <line num="222" count="0" type="stmt"/>
      <line num="223" count="0" type="stmt"/>
      <line num="224" count="0" type="stmt"/>
      <line num="225" count="0" type="stmt"/>
      <line num="227" count="0" type="stmt"/>
      <line num="230" count="0" type="stmt"/>
      <line num="234" count="28" type="stmt"/>
      <line num="235" count="1" type="cond" truecount="3" falsecount="1"/>
      <line num="236" count="1" type="stmt"/>
      <line num="237" count="1" type="stmt"/>
      <line num="238" count="1" type="stmt"/>
      <line num="239" count="1" type="stmt"/>
      <line num="240" count="1" type="stmt"/>
      <line num="241" count="1" type="stmt"/>
      <line num="243" count="0" type="stmt"/>
      <line num="246" count="0" type="stmt"/>
      <line num="250" count="28" type="stmt"/>
      <line num="251" count="28" type="stmt"/>
      <line num="253" count="28" type="stmt"/>
      <line num="259" count="0" type="stmt"/>
      <line num="260" count="0" type="stmt"/>
      <line num="265" count="28" type="stmt"/>
      <line num="275" count="28" type="stmt"/>
      <line num="288" count="28" type="stmt"/>
      <line num="320" count="1" type="stmt"/>
      <line num="323" count="1" type="stmt"/>
      <line num="326" count="1" type="stmt"/>
      <line num="329" count="1" type="stmt"/>
      <line num="337" count="1" type="stmt"/>
      <line num="342" count="0" type="stmt"/>
      <line num="355" count="1" type="stmt"/>
      <line num="360" count="0" type="stmt"/>
      <line num="373" count="1" type="stmt"/>
      <line num="384" count="1" type="stmt"/>
    </file>
    <file name="login.js" path="C:\Users\jeste\Documents\COS_420_proj\TeamG\src\login.js">
      <metrics statements="45" coveredstatements="44" conditionals="11" coveredconditionals="9" methods="9" coveredmethods="8"/>
      <line num="8" count="1" type="stmt"/>
      <line num="9" count="25" type="stmt"/>
      <line num="10" count="25" type="stmt"/>
      <line num="11" count="25" type="stmt"/>
      <line num="12" count="25" type="stmt"/>
      <line num="16" count="25" type="stmt"/>
      <line num="17" count="5" type="stmt"/>
      <line num="19" count="1" type="stmt"/>
      <line num="20" count="1" type="stmt"/>
      <line num="21" count="1" type="stmt"/>
      <line num="22" count="1" type="stmt"/>
      <line num="23" count="1" type="stmt"/>
      <line num="24" count="1" type="stmt"/>
      <line num="27" count="4" type="cond" truecount="2" falsecount="0"/>
      <line num="28" count="1" type="stmt"/>
      <line num="29" count="3" type="cond" truecount="2" falsecount="0"/>
      <line num="30" count="1" type="stmt"/>
      <line num="31" count="2" type="cond" truecount="2" falsecount="0"/>
      <line num="32" count="1" type="stmt"/>
      <line num="34" count="1" type="stmt"/>
      <line num="36" count="4" type="stmt"/>
      <line num="42" count="25" type="stmt"/>
      <line num="43" count="3" type="stmt"/>
      <line num="44" count="3" type="stmt"/>
      <line num="45" count="3" type="stmt"/>
      <line num="46" count="2" type="stmt"/>
      <line num="48" count="2" type="stmt"/>
      <line num="49" count="2" type="stmt"/>
      <line num="51" count="2" type="cond" truecount="2" falsecount="0"/>
      <line num="52" count="1" type="stmt"/>
      <line num="53" count="1" type="stmt"/>
      <line num="63" count="1" type="stmt"/>
      <line num="64" count="1" type="stmt"/>
      <line num="71" count="2" type="stmt"/>
      <line num="72" count="2" type="stmt"/>
      <line num="73" count="2" type="stmt"/>
      <line num="75" count="1" type="stmt"/>
      <line num="76" count="1" type="stmt"/>
      <line num="81" count="25" type="cond" truecount="0" falsecount="1"/>
      <line num="82" count="1" type="stmt"/>
      <line num="83" count="1" type="stmt"/>
      <line num="86" count="25" type="stmt"/>
      <line num="96" count="6" type="stmt"/>
      <line num="103" count="6" type="stmt"/>
      <line num="112" count="0" type="stmt"/>
    </file>
  </project>
</coverage>
