{"C:\\Users\\jeste\\Documents\\COS_420_proj\\TeamG\\src\\homepage.js": {"path":"C:\\Users\\jeste\\Documents\\COS_420_proj\\TeamG\\src\\homepage.js","statementMap":{"0":{"start":{"line":10,"column":0},"end":{"line":10,"column":46}},"1":{"start":{"line":12,"column":17},"end":{"line":399,"column":1}},"2":{"start":{"line":13,"column":32},"end":{"line":13,"column":44}},"3":{"start":{"line":14,"column":36},"end":{"line":14,"column":48}},"4":{"start":{"line":15,"column":36},"end":{"line":15,"column":102}},"5":{"start":{"line":16,"column":34},"end":{"line":16,"column":149}},"6":{"start":{"line":17,"column":30},"end":{"line":17,"column":44}},"7":{"start":{"line":18,"column":26},"end":{"line":18,"column":40}},"8":{"start":{"line":19,"column":34},"end":{"line":19,"column":49}},"9":{"start":{"line":20,"column":40},"end":{"line":20,"column":51}},"10":{"start":{"line":21,"column":30},"end":{"line":21,"column":41}},"11":{"start":{"line":23,"column":24},"end":{"line":36,"column":3}},"12":{"start":{"line":38,"column":2},"end":{"line":88,"column":9}},"13":{"start":{"line":39,"column":17},"end":{"line":39,"column":26}},"14":{"start":{"line":41,"column":24},"end":{"line":85,"column":6}},"15":{"start":{"line":42,"column":6},"end":{"line":84,"column":7}},"16":{"start":{"line":43,"column":8},"end":{"line":43,"column":22}},"17":{"start":{"line":44,"column":8},"end":{"line":44,"column":28}},"18":{"start":{"line":45,"column":23},"end":{"line":45,"column":31}},"19":{"start":{"line":46,"column":27},"end":{"line":46,"column":51}},"20":{"start":{"line":48,"column":8},"end":{"line":81,"column":9}},"21":{"start":{"line":49,"column":26},"end":{"line":49,"column":50}},"22":{"start":{"line":50,"column":10},"end":{"line":65,"column":11}},"23":{"start":{"line":51,"column":12},"end":{"line":61,"column":14}},"24":{"start":{"line":62,"column":12},"end":{"line":62,"column":67}},"25":{"start":{"line":64,"column":12},"end":{"line":64,"column":84}},"26":{"start":{"line":67,"column":27},"end":{"line":67,"column":41}},"27":{"start":{"line":68,"column":29},"end":{"line":68,"column":54}},"28":{"start":{"line":69,"column":30},"end":{"line":69,"column":83}},"29":{"start":{"line":69,"column":55},"end":{"line":69,"column":82}},"30":{"start":{"line":70,"column":31},"end":{"line":70,"column":67}},"31":{"start":{"line":71,"column":10},"end":{"line":71,"column":34}},"32":{"start":{"line":73,"column":29},"end":{"line":73,"column":113}},"33":{"start":{"line":73,"column":56},"end":{"line":73,"column":81}},"34":{"start":{"line":73,"column":98},"end":{"line":73,"column":112}},"35":{"start":{"line":74,"column":26},"end":{"line":74,"column":108}},"36":{"start":{"line":74,"column":53},"end":{"line":74,"column":78}},"37":{"start":{"line":74,"column":95},"end":{"line":74,"column":107}},"38":{"start":{"line":76,"column":10},"end":{"line":76,"column":30}},"39":{"start":{"line":77,"column":10},"end":{"line":77,"column":35}},"40":{"start":{"line":78,"column":10},"end":{"line":78,"column":50}},"41":{"start":{"line":80,"column":10},"end":{"line":80,"column":76}},"42":{"start":{"line":83,"column":8},"end":{"line":83,"column":54}},"43":{"start":{"line":87,"column":4},"end":{"line":87,"column":23}},"44":{"start":{"line":90,"column":26},"end":{"line":92,"column":3}},"45":{"start":{"line":91,"column":4},"end":{"line":91,"column":49}},"46":{"start":{"line":94,"column":27},"end":{"line":97,"column":3}},"47":{"start":{"line":95,"column":4},"end":{"line":95,"column":75}},"48":{"start":{"line":96,"column":4},"end":{"line":96,"column":123}},"49":{"start":{"line":99,"column":28},"end":{"line":111,"column":3}},"50":{"start":{"line":100,"column":28},"end":{"line":100,"column":36}},"51":{"start":{"line":101,"column":17},"end":{"line":101,"column":32}},"52":{"start":{"line":102,"column":4},"end":{"line":110,"column":7}},"53":{"start":{"line":103,"column":21},"end":{"line":103,"column":37}},"54":{"start":{"line":104,"column":20},"end":{"line":104,"column":28}},"55":{"start":{"line":105,"column":6},"end":{"line":107,"column":7}},"56":{"start":{"line":105,"column":19},"end":{"line":105,"column":20}},"57":{"start":{"line":106,"column":8},"end":{"line":106,"column":35}},"58":{"start":{"line":108,"column":6},"end":{"line":108,"column":45}},"59":{"start":{"line":109,"column":6},"end":{"line":109,"column":22}},"60":{"start":{"line":113,"column":27},"end":{"line":190,"column":3}},"61":{"start":{"line":114,"column":4},"end":{"line":114,"column":27}},"62":{"start":{"line":116,"column":4},"end":{"line":189,"column":5}},"63":{"start":{"line":117,"column":25},"end":{"line":117,"column":49}},"64":{"start":{"line":119,"column":6},"end":{"line":186,"column":7}},"65":{"start":{"line":120,"column":24},"end":{"line":120,"column":48}},"66":{"start":{"line":123,"column":8},"end":{"line":181,"column":9}},"67":{"start":{"line":124,"column":30},"end":{"line":124,"column":61}},"68":{"start":{"line":126,"column":10},"end":{"line":154,"column":11}},"69":{"start":{"line":127,"column":35},"end":{"line":127,"column":114}},"70":{"start":{"line":128,"column":12},"end":{"line":133,"column":15}},"71":{"start":{"line":129,"column":14},"end":{"line":131,"column":15}},"72":{"start":{"line":130,"column":16},"end":{"line":130,"column":99}},"73":{"start":{"line":132,"column":14},"end":{"line":132,"column":27}},"74":{"start":{"line":134,"column":12},"end":{"line":134,"column":69}},"75":{"start":{"line":135,"column":17},"end":{"line":154,"column":11}},"76":{"start":{"line":136,"column":12},"end":{"line":138,"column":14}},"77":{"start":{"line":137,"column":14},"end":{"line":137,"column":178}},"78":{"start":{"line":139,"column":12},"end":{"line":141,"column":14}},"79":{"start":{"line":140,"column":14},"end":{"line":140,"column":76}},"80":{"start":{"line":140,"column":46},"end":{"line":140,"column":75}},"81":{"start":{"line":142,"column":12},"end":{"line":142,"column":69}},"82":{"start":{"line":143,"column":17},"end":{"line":154,"column":11}},"83":{"start":{"line":144,"column":29},"end":{"line":144,"column":151}},"84":{"start":{"line":145,"column":12},"end":{"line":145,"column":53}},"85":{"start":{"line":146,"column":12},"end":{"line":146,"column":69}},"86":{"start":{"line":147,"column":17},"end":{"line":154,"column":11}},"87":{"start":{"line":148,"column":32},"end":{"line":148,"column":105}},"88":{"start":{"line":149,"column":12},"end":{"line":149,"column":83}},"89":{"start":{"line":149,"column":54},"end":{"line":149,"column":81}},"90":{"start":{"line":150,"column":12},"end":{"line":150,"column":42}},"91":{"start":{"line":151,"column":12},"end":{"line":151,"column":69}},"92":{"start":{"line":152,"column":12},"end":{"line":152,"column":42}},"93":{"start":{"line":153,"column":12},"end":{"line":153,"column":55}},"94":{"start":{"line":156,"column":10},"end":{"line":156,"column":106}},"95":{"start":{"line":156,"column":49},"end":{"line":156,"column":74}},"96":{"start":{"line":156,"column":91},"end":{"line":156,"column":103}},"97":{"start":{"line":157,"column":10},"end":{"line":157,"column":110}},"98":{"start":{"line":157,"column":51},"end":{"line":157,"column":76}},"99":{"start":{"line":157,"column":93},"end":{"line":157,"column":107}},"100":{"start":{"line":158,"column":10},"end":{"line":158,"column":51}},"101":{"start":{"line":160,"column":27},"end":{"line":165,"column":11}},"102":{"start":{"line":166,"column":10},"end":{"line":166,"column":35}},"103":{"start":{"line":168,"column":10},"end":{"line":177,"column":12}},"104":{"start":{"line":178,"column":10},"end":{"line":178,"column":106}},"105":{"start":{"line":178,"column":49},"end":{"line":178,"column":74}},"106":{"start":{"line":178,"column":91},"end":{"line":178,"column":103}},"107":{"start":{"line":179,"column":10},"end":{"line":179,"column":110}},"108":{"start":{"line":179,"column":51},"end":{"line":179,"column":76}},"109":{"start":{"line":179,"column":93},"end":{"line":179,"column":107}},"110":{"start":{"line":180,"column":10},"end":{"line":180,"column":63}},"111":{"start":{"line":183,"column":8},"end":{"line":183,"column":27}},"112":{"start":{"line":185,"column":8},"end":{"line":185,"column":58}},"113":{"start":{"line":188,"column":6},"end":{"line":188,"column":58}},"114":{"start":{"line":192,"column":25},"end":{"line":196,"column":3}},"115":{"start":{"line":193,"column":4},"end":{"line":195,"column":5}},"116":{"start":{"line":194,"column":6},"end":{"line":194,"column":38}},"117":{"start":{"line":198,"column":25},"end":{"line":202,"column":3}},"118":{"start":{"line":199,"column":4},"end":{"line":201,"column":5}},"119":{"start":{"line":200,"column":6},"end":{"line":200,"column":38}},"120":{"start":{"line":204,"column":30},"end":{"line":217,"column":3}},"121":{"start":{"line":205,"column":4},"end":{"line":216,"column":5}},"122":{"start":{"line":206,"column":25},"end":{"line":206,"column":49}},"123":{"start":{"line":207,"column":6},"end":{"line":213,"column":7}},"124":{"start":{"line":208,"column":8},"end":{"line":208,"column":56}},"125":{"start":{"line":209,"column":8},"end":{"line":209,"column":26}},"126":{"start":{"line":210,"column":8},"end":{"line":210,"column":60}},"127":{"start":{"line":212,"column":8},"end":{"line":212,"column":64}},"128":{"start":{"line":215,"column":6},"end":{"line":215,"column":58}},"129":{"start":{"line":219,"column":29},"end":{"line":232,"column":3}},"130":{"start":{"line":220,"column":4},"end":{"line":231,"column":5}},"131":{"start":{"line":221,"column":25},"end":{"line":221,"column":49}},"132":{"start":{"line":222,"column":6},"end":{"line":228,"column":7}},"133":{"start":{"line":223,"column":8},"end":{"line":223,"column":57}},"134":{"start":{"line":224,"column":8},"end":{"line":224,"column":27}},"135":{"start":{"line":225,"column":8},"end":{"line":225,"column":60}},"136":{"start":{"line":227,"column":8},"end":{"line":227,"column":64}},"137":{"start":{"line":230,"column":6},"end":{"line":230,"column":58}},"138":{"start":{"line":234,"column":26},"end":{"line":248,"column":3}},"139":{"start":{"line":235,"column":4},"end":{"line":247,"column":5}},"140":{"start":{"line":236,"column":25},"end":{"line":236,"column":49}},"141":{"start":{"line":237,"column":6},"end":{"line":244,"column":7}},"142":{"start":{"line":238,"column":8},"end":{"line":238,"column":56}},"143":{"start":{"line":239,"column":8},"end":{"line":239,"column":23}},"144":{"start":{"line":240,"column":8},"end":{"line":240,"column":25}},"145":{"start":{"line":241,"column":8},"end":{"line":241,"column":49}},"146":{"start":{"line":243,"column":8},"end":{"line":243,"column":53}},"147":{"start":{"line":246,"column":6},"end":{"line":246,"column":58}},"148":{"start":{"line":250,"column":30},"end":{"line":250,"column":64}},"149":{"start":{"line":250,"column":55},"end":{"line":250,"column":60}},"150":{"start":{"line":251,"column":26},"end":{"line":251,"column":67}},"151":{"start":{"line":253,"column":18},"end":{"line":263,"column":3}},"152":{"start":{"line":259,"column":49},"end":{"line":259,"column":58}},"153":{"start":{"line":260,"column":54},"end":{"line":260,"column":63}},"154":{"start":{"line":265,"column":18},"end":{"line":273,"column":3}},"155":{"start":{"line":275,"column":27},"end":{"line":286,"column":3}},"156":{"start":{"line":288,"column":2},"end":{"line":398,"column":4}},"157":{"start":{"line":320,"column":86},"end":{"line":320,"column":108}},"158":{"start":{"line":323,"column":92},"end":{"line":323,"column":117}},"159":{"start":{"line":326,"column":86},"end":{"line":326,"column":108}},"160":{"start":{"line":329,"column":78},"end":{"line":329,"column":103}},"161":{"start":{"line":337,"column":31},"end":{"line":337,"column":57}},"162":{"start":{"line":342,"column":14},"end":{"line":342,"column":64}},"163":{"start":{"line":355,"column":31},"end":{"line":355,"column":60}},"164":{"start":{"line":360,"column":14},"end":{"line":360,"column":64}},"165":{"start":{"line":373,"column":31},"end":{"line":373,"column":57}},"166":{"start":{"line":384,"column":31},"end":{"line":384,"column":60}}},"fnMap":{"0":{"name":"(anonymous_0)","decl":{"start":{"line":12,"column":17},"end":{"line":12,"column":18}},"loc":{"start":{"line":12,"column":23},"end":{"line":399,"column":1}},"line":12},"1":{"name":"(anonymous_1)","decl":{"start":{"line":38,"column":12},"end":{"line":38,"column":13}},"loc":{"start":{"line":38,"column":18},"end":{"line":88,"column":3}},"line":38},"2":{"name":"(anonymous_2)","decl":{"start":{"line":41,"column":49},"end":{"line":41,"column":50}},"loc":{"start":{"line":41,"column":65},"end":{"line":85,"column":5}},"line":41},"3":{"name":"(anonymous_3)","decl":{"start":{"line":69,"column":46},"end":{"line":69,"column":47}},"loc":{"start":{"line":69,"column":55},"end":{"line":69,"column":82}},"line":69},"4":{"name":"(anonymous_4)","decl":{"start":{"line":73,"column":47},"end":{"line":73,"column":48}},"loc":{"start":{"line":73,"column":56},"end":{"line":73,"column":81}},"line":73},"5":{"name":"(anonymous_5)","decl":{"start":{"line":73,"column":87},"end":{"line":73,"column":88}},"loc":{"start":{"line":73,"column":98},"end":{"line":73,"column":112}},"line":73},"6":{"name":"(anonymous_6)","decl":{"start":{"line":74,"column":44},"end":{"line":74,"column":45}},"loc":{"start":{"line":74,"column":53},"end":{"line":74,"column":78}},"line":74},"7":{"name":"(anonymous_7)","decl":{"start":{"line":74,"column":84},"end":{"line":74,"column":85}},"loc":{"start":{"line":74,"column":95},"end":{"line":74,"column":107}},"line":74},"8":{"name":"(anonymous_8)","decl":{"start":{"line":90,"column":26},"end":{"line":90,"column":27}},"loc":{"start":{"line":90,"column":36},"end":{"line":92,"column":3}},"line":90},"9":{"name":"(anonymous_9)","decl":{"start":{"line":94,"column":27},"end":{"line":94,"column":28}},"loc":{"start":{"line":94,"column":33},"end":{"line":97,"column":3}},"line":94},"10":{"name":"(anonymous_10)","decl":{"start":{"line":99,"column":28},"end":{"line":99,"column":29}},"loc":{"start":{"line":99,"column":35},"end":{"line":111,"column":3}},"line":99},"11":{"name":"(anonymous_11)","decl":{"start":{"line":102,"column":16},"end":{"line":102,"column":17}},"loc":{"start":{"line":102,"column":31},"end":{"line":110,"column":5}},"line":102},"12":{"name":"(anonymous_12)","decl":{"start":{"line":113,"column":27},"end":{"line":113,"column":28}},"loc":{"start":{"line":113,"column":50},"end":{"line":190,"column":3}},"line":113},"13":{"name":"(anonymous_13)","decl":{"start":{"line":128,"column":42},"end":{"line":128,"column":43}},"loc":{"start":{"line":128,"column":53},"end":{"line":133,"column":13}},"line":128},"14":{"name":"(anonymous_14)","decl":{"start":{"line":136,"column":42},"end":{"line":136,"column":43}},"loc":{"start":{"line":137,"column":14},"end":{"line":137,"column":178}},"line":137},"15":{"name":"(anonymous_15)","decl":{"start":{"line":139,"column":45},"end":{"line":139,"column":46}},"loc":{"start":{"line":140,"column":14},"end":{"line":140,"column":76}},"line":140},"16":{"name":"(anonymous_16)","decl":{"start":{"line":140,"column":39},"end":{"line":140,"column":40}},"loc":{"start":{"line":140,"column":46},"end":{"line":140,"column":75}},"line":140},"17":{"name":"(anonymous_17)","decl":{"start":{"line":149,"column":45},"end":{"line":149,"column":46}},"loc":{"start":{"line":149,"column":54},"end":{"line":149,"column":81}},"line":149},"18":{"name":"(anonymous_18)","decl":{"start":{"line":156,"column":40},"end":{"line":156,"column":41}},"loc":{"start":{"line":156,"column":49},"end":{"line":156,"column":74}},"line":156},"19":{"name":"(anonymous_19)","decl":{"start":{"line":156,"column":80},"end":{"line":156,"column":81}},"loc":{"start":{"line":156,"column":91},"end":{"line":156,"column":103}},"line":156},"20":{"name":"(anonymous_20)","decl":{"start":{"line":157,"column":42},"end":{"line":157,"column":43}},"loc":{"start":{"line":157,"column":51},"end":{"line":157,"column":76}},"line":157},"21":{"name":"(anonymous_21)","decl":{"start":{"line":157,"column":82},"end":{"line":157,"column":83}},"loc":{"start":{"line":157,"column":93},"end":{"line":157,"column":107}},"line":157},"22":{"name":"(anonymous_22)","decl":{"start":{"line":178,"column":40},"end":{"line":178,"column":41}},"loc":{"start":{"line":178,"column":49},"end":{"line":178,"column":74}},"line":178},"23":{"name":"(anonymous_23)","decl":{"start":{"line":178,"column":80},"end":{"line":178,"column":81}},"loc":{"start":{"line":178,"column":91},"end":{"line":178,"column":103}},"line":178},"24":{"name":"(anonymous_24)","decl":{"start":{"line":179,"column":42},"end":{"line":179,"column":43}},"loc":{"start":{"line":179,"column":51},"end":{"line":179,"column":76}},"line":179},"25":{"name":"(anonymous_25)","decl":{"start":{"line":179,"column":82},"end":{"line":179,"column":83}},"loc":{"start":{"line":179,"column":93},"end":{"line":179,"column":107}},"line":179},"26":{"name":"(anonymous_26)","decl":{"start":{"line":192,"column":25},"end":{"line":192,"column":26}},"loc":{"start":{"line":192,"column":31},"end":{"line":196,"column":3}},"line":192},"27":{"name":"(anonymous_27)","decl":{"start":{"line":198,"column":25},"end":{"line":198,"column":26}},"loc":{"start":{"line":198,"column":31},"end":{"line":202,"column":3}},"line":198},"28":{"name":"(anonymous_28)","decl":{"start":{"line":204,"column":30},"end":{"line":204,"column":31}},"loc":{"start":{"line":204,"column":42},"end":{"line":217,"column":3}},"line":204},"29":{"name":"(anonymous_29)","decl":{"start":{"line":219,"column":29},"end":{"line":219,"column":30}},"loc":{"start":{"line":219,"column":41},"end":{"line":232,"column":3}},"line":219},"30":{"name":"(anonymous_30)","decl":{"start":{"line":234,"column":26},"end":{"line":234,"column":27}},"loc":{"start":{"line":234,"column":38},"end":{"line":248,"column":3}},"line":234},"31":{"name":"(anonymous_31)","decl":{"start":{"line":250,"column":45},"end":{"line":250,"column":46}},"loc":{"start":{"line":250,"column":55},"end":{"line":250,"column":60}},"line":250},"32":{"name":"(anonymous_32)","decl":{"start":{"line":259,"column":43},"end":{"line":259,"column":44}},"loc":{"start":{"line":259,"column":49},"end":{"line":259,"column":58}},"line":259},"33":{"name":"(anonymous_33)","decl":{"start":{"line":260,"column":48},"end":{"line":260,"column":49}},"loc":{"start":{"line":260,"column":54},"end":{"line":260,"column":63}},"line":260},"34":{"name":"(anonymous_34)","decl":{"start":{"line":320,"column":80},"end":{"line":320,"column":81}},"loc":{"start":{"line":320,"column":86},"end":{"line":320,"column":108}},"line":320},"35":{"name":"(anonymous_35)","decl":{"start":{"line":323,"column":86},"end":{"line":323,"column":87}},"loc":{"start":{"line":323,"column":92},"end":{"line":323,"column":117}},"line":323},"36":{"name":"(anonymous_36)","decl":{"start":{"line":326,"column":80},"end":{"line":326,"column":81}},"loc":{"start":{"line":326,"column":86},"end":{"line":326,"column":108}},"line":326},"37":{"name":"(anonymous_37)","decl":{"start":{"line":329,"column":72},"end":{"line":329,"column":73}},"loc":{"start":{"line":329,"column":78},"end":{"line":329,"column":103}},"line":329},"38":{"name":"(anonymous_38)","decl":{"start":{"line":337,"column":24},"end":{"line":337,"column":25}},"loc":{"start":{"line":337,"column":31},"end":{"line":337,"column":57}},"line":337},"39":{"name":"(anonymous_39)","decl":{"start":{"line":341,"column":27},"end":{"line":341,"column":28}},"loc":{"start":{"line":342,"column":14},"end":{"line":342,"column":64}},"line":342},"40":{"name":"(anonymous_40)","decl":{"start":{"line":355,"column":24},"end":{"line":355,"column":25}},"loc":{"start":{"line":355,"column":31},"end":{"line":355,"column":60}},"line":355},"41":{"name":"(anonymous_41)","decl":{"start":{"line":359,"column":27},"end":{"line":359,"column":28}},"loc":{"start":{"line":360,"column":14},"end":{"line":360,"column":64}},"line":360},"42":{"name":"(anonymous_42)","decl":{"start":{"line":373,"column":24},"end":{"line":373,"column":25}},"loc":{"start":{"line":373,"column":31},"end":{"line":373,"column":57}},"line":373},"43":{"name":"(anonymous_43)","decl":{"start":{"line":384,"column":24},"end":{"line":384,"column":25}},"loc":{"start":{"line":384,"column":31},"end":{"line":384,"column":60}},"line":384}},"branchMap":{"0":{"loc":{"start":{"line":42,"column":6},"end":{"line":84,"column":7}},"type":"if","locations":[{"start":{"line":42,"column":6},"end":{"line":84,"column":7}},{"start":{"line":82,"column":13},"end":{"line":84,"column":7}}],"line":42},"1":{"loc":{"start":{"line":50,"column":10},"end":{"line":65,"column":11}},"type":"if","locations":[{"start":{"line":50,"column":10},"end":{"line":65,"column":11}},{"start":{"line":63,"column":17},"end":{"line":65,"column":11}}],"line":50},"2":{"loc":{"start":{"line":68,"column":29},"end":{"line":68,"column":54}},"type":"binary-expr","locations":[{"start":{"line":68,"column":29},"end":{"line":68,"column":48}},{"start":{"line":68,"column":52},"end":{"line":68,"column":54}}],"line":68},"3":{"loc":{"start":{"line":70,"column":31},"end":{"line":70,"column":67}},"type":"cond-expr","locations":[{"start":{"line":70,"column":45},"end":{"line":70,"column":63}},{"start":{"line":70,"column":66},"end":{"line":70,"column":67}}],"line":70},"4":{"loc":{"start":{"line":78,"column":22},"end":{"line":78,"column":48}},"type":"binary-expr","locations":[{"start":{"line":78,"column":22},"end":{"line":78,"column":39}},{"start":{"line":78,"column":43},"end":{"line":78,"column":48}}],"line":78},"5":{"loc":{"start":{"line":116,"column":4},"end":{"line":189,"column":5}},"type":"if","locations":[{"start":{"line":116,"column":4},"end":{"line":189,"column":5}},{"start":{"line":187,"column":11},"end":{"line":189,"column":5}}],"line":116},"6":{"loc":{"start":{"line":116,"column":8},"end":{"line":116,"column":22}},"type":"binary-expr","locations":[{"start":{"line":116,"column":8},"end":{"line":116,"column":12}},{"start":{"line":116,"column":16},"end":{"line":116,"column":22}}],"line":116},"7":{"loc":{"start":{"line":123,"column":8},"end":{"line":181,"column":9}},"type":"if","locations":[{"start":{"line":123,"column":8},"end":{"line":181,"column":9}},{"start":{"line":159,"column":15},"end":{"line":181,"column":9}}],"line":123},"8":{"loc":{"start":{"line":124,"column":30},"end":{"line":124,"column":61}},"type":"binary-expr","locations":[{"start":{"line":124,"column":30},"end":{"line":124,"column":55}},{"start":{"line":124,"column":59},"end":{"line":124,"column":61}}],"line":124},"9":{"loc":{"start":{"line":126,"column":10},"end":{"line":154,"column":11}},"type":"if","locations":[{"start":{"line":126,"column":10},"end":{"line":154,"column":11}},{"start":{"line":135,"column":17},"end":{"line":154,"column":11}}],"line":126},"10":{"loc":{"start":{"line":129,"column":14},"end":{"line":131,"column":15}},"type":"if","locations":[{"start":{"line":129,"column":14},"end":{"line":131,"column":15}},{"start":{},"end":{}}],"line":129},"11":{"loc":{"start":{"line":129,"column":18},"end":{"line":129,"column":83}},"type":"binary-expr","locations":[{"start":{"line":129,"column":18},"end":{"line":129,"column":54}},{"start":{"line":129,"column":58},"end":{"line":129,"column":83}}],"line":129},"12":{"loc":{"start":{"line":130,"column":54},"end":{"line":130,"column":78}},"type":"binary-expr","locations":[{"start":{"line":130,"column":54},"end":{"line":130,"column":72}},{"start":{"line":130,"column":76},"end":{"line":130,"column":78}}],"line":130},"13":{"loc":{"start":{"line":135,"column":17},"end":{"line":154,"column":11}},"type":"if","locations":[{"start":{"line":135,"column":17},"end":{"line":154,"column":11}},{"start":{"line":143,"column":17},"end":{"line":154,"column":11}}],"line":135},"14":{"loc":{"start":{"line":137,"column":14},"end":{"line":137,"column":178}},"type":"cond-expr","locations":[{"start":{"line":137,"column":56},"end":{"line":137,"column":170}},{"start":{"line":137,"column":173},"end":{"line":137,"column":178}}],"line":137},"15":{"loc":{"start":{"line":143,"column":17},"end":{"line":154,"column":11}},"type":"if","locations":[{"start":{"line":143,"column":17},"end":{"line":154,"column":11}},{"start":{"line":147,"column":17},"end":{"line":154,"column":11}}],"line":143},"16":{"loc":{"start":{"line":147,"column":17},"end":{"line":154,"column":11}},"type":"if","locations":[{"start":{"line":147,"column":17},"end":{"line":154,"column":11}},{"start":{},"end":{}}],"line":147},"17":{"loc":{"start":{"line":193,"column":4},"end":{"line":195,"column":5}},"type":"if","locations":[{"start":{"line":193,"column":4},"end":{"line":195,"column":5}},{"start":{},"end":{}}],"line":193},"18":{"loc":{"start":{"line":199,"column":4},"end":{"line":201,"column":5}},"type":"if","locations":[{"start":{"line":199,"column":4},"end":{"line":201,"column":5}},{"start":{},"end":{}}],"line":199},"19":{"loc":{"start":{"line":205,"column":4},"end":{"line":216,"column":5}},"type":"if","locations":[{"start":{"line":205,"column":4},"end":{"line":216,"column":5}},{"start":{"line":214,"column":11},"end":{"line":216,"column":5}}],"line":205},"20":{"loc":{"start":{"line":205,"column":8},"end":{"line":205,"column":22}},"type":"binary-expr","locations":[{"start":{"line":205,"column":8},"end":{"line":205,"column":12}},{"start":{"line":205,"column":16},"end":{"line":205,"column":22}}],"line":205},"21":{"loc":{"start":{"line":220,"column":4},"end":{"line":231,"column":5}},"type":"if","locations":[{"start":{"line":220,"column":4},"end":{"line":231,"column":5}},{"start":{"line":229,"column":11},"end":{"line":231,"column":5}}],"line":220},"22":{"loc":{"start":{"line":220,"column":8},"end":{"line":220,"column":22}},"type":"binary-expr","locations":[{"start":{"line":220,"column":8},"end":{"line":220,"column":12}},{"start":{"line":220,"column":16},"end":{"line":220,"column":22}}],"line":220},"23":{"loc":{"start":{"line":235,"column":4},"end":{"line":247,"column":5}},"type":"if","locations":[{"start":{"line":235,"column":4},"end":{"line":247,"column":5}},{"start":{"line":245,"column":11},"end":{"line":247,"column":5}}],"line":235},"24":{"loc":{"start":{"line":235,"column":8},"end":{"line":235,"column":22}},"type":"binary-expr","locations":[{"start":{"line":235,"column":8},"end":{"line":235,"column":12}},{"start":{"line":235,"column":16},"end":{"line":235,"column":22}}],"line":235},"25":{"loc":{"start":{"line":290,"column":7},"end":{"line":302,"column":7}},"type":"binary-expr","locations":[{"start":{"line":290,"column":7},"end":{"line":290,"column":15}},{"start":{"line":291,"column":8},"end":{"line":301,"column":14}}],"line":290},"26":{"loc":{"start":{"line":311,"column":13},"end":{"line":315,"column":13}},"type":"cond-expr","locations":[{"start":{"line":312,"column":14},"end":{"line":312,"column":54}},{"start":{"line":314,"column":14},"end":{"line":314,"column":49}}],"line":311}},"s":{"0":1,"1":1,"2":28,"3":28,"4":28,"5":28,"6":28,"7":28,"8":28,"9":28,"10":28,"11":28,"12":28,"13":10,"14":10,"15":10,"16":10,"17":10,"18":10,"19":10,"20":10,"21":10,"22":10,"23":0,"24":0,"25":10,"26":10,"27":10,"28":10,"29":0,"30":10,"31":10,"32":10,"33":0,"34":0,"35":10,"36":0,"37":0,"38":10,"39":10,"40":10,"41":0,"42":0,"43":10,"44":28,"45":4,"46":28,"47":4,"48":4,"49":28,"50":0,"51":0,"52":0,"53":0,"54":0,"55":0,"56":0,"57":0,"58":0,"59":0,"60":28,"61":4,"62":4,"63":4,"64":4,"65":4,"66":4,"67":0,"68":0,"69":0,"70":0,"71":0,"72":0,"73":0,"74":0,"75":0,"76":0,"77":0,"78":0,"79":0,"80":0,"81":0,"82":0,"83":0,"84":0,"85":0,"86":0,"87":0,"88":0,"89":0,"90":0,"91":0,"92":0,"93":0,"94":0,"95":0,"96":0,"97":0,"98":0,"99":0,"100":0,"101":4,"102":4,"103":4,"104":4,"105":4,"106":0,"107":4,"108":4,"109":0,"110":4,"111":4,"112":0,"113":0,"114":28,"115":0,"116":0,"117":28,"118":0,"119":0,"120":28,"121":0,"122":0,"123":0,"124":0,"125":0,"126":0,"127":0,"128":0,"129":28,"130":0,"131":0,"132":0,"133":0,"134":0,"135":0,"136":0,"137":0,"138":28,"139":1,"140":1,"141":1,"142":1,"143":1,"144":1,"145":1,"146":0,"147":0,"148":28,"149":0,"150":28,"151":28,"152":0,"153":0,"154":28,"155":28,"156":28,"157":1,"158":1,"159":1,"160":1,"161":1,"162":0,"163":1,"164":0,"165":1,"166":1},"f":{"0":28,"1":10,"2":10,"3":0,"4":0,"5":0,"6":0,"7":0,"8":4,"9":4,"10":0,"11":0,"12":4,"13":0,"14":0,"15":0,"16":0,"17":0,"18":0,"19":0,"20":0,"21":0,"22":4,"23":0,"24":4,"25":0,"26":0,"27":0,"28":0,"29":0,"30":1,"31":0,"32":0,"33":0,"34":1,"35":1,"36":1,"37":1,"38":1,"39":0,"40":1,"41":0,"42":1,"43":1},"b":{"0":[10,0],"1":[0,10],"2":[10,0],"3":[0,10],"4":[10,10],"5":[4,0],"6":[4,4],"7":[0,4],"8":[0,0],"9":[0,0],"10":[0,0],"11":[0,0],"12":[0,0],"13":[0,0],"14":[0,0],"15":[0,0],"16":[0,0],"17":[0,0],"18":[0,0],"19":[0,0],"20":[0,0],"21":[0,0],"22":[0,0],"23":[1,0],"24":[1,1],"25":[28,0],"26":[0,28]},"_coverageSchema":"1a1c01bbd47fc00a2c39e90264f33305004495a9","hash":"438d407154fbb64a7f590fbd3ab38bf9c478315e"}
,"C:\\Users\\jeste\\Documents\\COS_420_proj\\TeamG\\src\\login.js": {"path":"C:\\Users\\jeste\\Documents\\COS_420_proj\\TeamG\\src\\login.js","statementMap":{"0":{"start":{"line":8,"column":14},"end":{"line":124,"column":1}},"1":{"start":{"line":9,"column":28},"end":{"line":9,"column":40}},"2":{"start":{"line":10,"column":34},"end":{"line":10,"column":46}},"3":{"start":{"line":11,"column":19},"end":{"line":11,"column":32}},"4":{"start":{"line":12,"column":15},"end":{"line":12,"column":24}},"5":{"start":{"line":16,"column":20},"end":{"line":38,"column":1}},"6":{"start":{"line":17,"column":2},"end":{"line":37,"column":9}},"7":{"start":{"line":19,"column":23},"end":{"line":19,"column":42}},"8":{"start":{"line":20,"column":10},"end":{"line":20,"column":51}},"9":{"start":{"line":21,"column":10},"end":{"line":21,"column":32}},"10":{"start":{"line":22,"column":10},"end":{"line":22,"column":23}},"11":{"start":{"line":23,"column":10},"end":{"line":23,"column":26}},"12":{"start":{"line":24,"column":10},"end":{"line":24,"column":32}},"13":{"start":{"line":27,"column":10},"end":{"line":35,"column":11}},"14":{"start":{"line":28,"column":14},"end":{"line":28,"column":43}},"15":{"start":{"line":29,"column":17},"end":{"line":35,"column":11}},"16":{"start":{"line":30,"column":14},"end":{"line":30,"column":62}},"17":{"start":{"line":31,"column":17},"end":{"line":35,"column":11}},"18":{"start":{"line":32,"column":14},"end":{"line":32,"column":59}},"19":{"start":{"line":34,"column":14},"end":{"line":34,"column":37}},"20":{"start":{"line":36,"column":10},"end":{"line":36,"column":55}},"21":{"start":{"line":42,"column":30},"end":{"line":78,"column":3}},"22":{"start":{"line":43,"column":21},"end":{"line":43,"column":45}},"23":{"start":{"line":44,"column":4},"end":{"line":77,"column":5}},"24":{"start":{"line":45,"column":21},"end":{"line":45,"column":58}},"25":{"start":{"line":46,"column":19},"end":{"line":46,"column":30}},"26":{"start":{"line":48,"column":22},"end":{"line":48,"column":48}},"27":{"start":{"line":49,"column":22},"end":{"line":49,"column":43}},"28":{"start":{"line":51,"column":6},"end":{"line":69,"column":7}},"29":{"start":{"line":52,"column":8},"end":{"line":52,"column":57}},"30":{"start":{"line":53,"column":8},"end":{"line":61,"column":10}},"31":{"start":{"line":63,"column":8},"end":{"line":63,"column":78}},"32":{"start":{"line":64,"column":8},"end":{"line":68,"column":11}},"33":{"start":{"line":71,"column":6},"end":{"line":71,"column":52}},"34":{"start":{"line":72,"column":6},"end":{"line":72,"column":28}},"35":{"start":{"line":73,"column":6},"end":{"line":73,"column":28}},"36":{"start":{"line":75,"column":6},"end":{"line":75,"column":58}},"37":{"start":{"line":76,"column":6},"end":{"line":76,"column":33}},"38":{"start":{"line":81,"column":30},"end":{"line":84,"column":3}},"39":{"start":{"line":82,"column":4},"end":{"line":82,"column":57}},"40":{"start":{"line":83,"column":4},"end":{"line":83,"column":33}},"41":{"start":{"line":86,"column":2},"end":{"line":123,"column":4}},"42":{"start":{"line":96,"column":27},"end":{"line":96,"column":51}},"43":{"start":{"line":103,"column":27},"end":{"line":103,"column":54}},"44":{"start":{"line":112,"column":27},"end":{"line":112,"column":54}}},"fnMap":{"0":{"name":"(anonymous_0)","decl":{"start":{"line":8,"column":14},"end":{"line":8,"column":15}},"loc":{"start":{"line":8,"column":39},"end":{"line":124,"column":1}},"line":8},"1":{"name":"(anonymous_1)","decl":{"start":{"line":16,"column":20},"end":{"line":16,"column":21}},"loc":{"start":{"line":16,"column":32},"end":{"line":38,"column":1}},"line":16},"2":{"name":"(anonymous_2)","decl":{"start":{"line":18,"column":12},"end":{"line":18,"column":13}},"loc":{"start":{"line":18,"column":32},"end":{"line":25,"column":7}},"line":18},"3":{"name":"(anonymous_3)","decl":{"start":{"line":26,"column":13},"end":{"line":26,"column":14}},"loc":{"start":{"line":26,"column":24},"end":{"line":37,"column":7}},"line":26},"4":{"name":"(anonymous_4)","decl":{"start":{"line":42,"column":30},"end":{"line":42,"column":31}},"loc":{"start":{"line":42,"column":42},"end":{"line":78,"column":3}},"line":42},"5":{"name":"(anonymous_5)","decl":{"start":{"line":81,"column":30},"end":{"line":81,"column":31}},"loc":{"start":{"line":81,"column":72},"end":{"line":84,"column":3}},"line":81},"6":{"name":"(anonymous_6)","decl":{"start":{"line":96,"column":20},"end":{"line":96,"column":21}},"loc":{"start":{"line":96,"column":27},"end":{"line":96,"column":51}},"line":96},"7":{"name":"(anonymous_7)","decl":{"start":{"line":103,"column":20},"end":{"line":103,"column":21}},"loc":{"start":{"line":103,"column":27},"end":{"line":103,"column":54}},"line":103},"8":{"name":"(anonymous_8)","decl":{"start":{"line":112,"column":21},"end":{"line":112,"column":22}},"loc":{"start":{"line":112,"column":27},"end":{"line":112,"column":54}},"line":112}},"branchMap":{"0":{"loc":{"start":{"line":27,"column":10},"end":{"line":35,"column":11}},"type":"if","locations":[{"start":{"line":27,"column":10},"end":{"line":35,"column":11}},{"start":{"line":29,"column":17},"end":{"line":35,"column":11}}],"line":27},"1":{"loc":{"start":{"line":29,"column":17},"end":{"line":35,"column":11}},"type":"if","locations":[{"start":{"line":29,"column":17},"end":{"line":35,"column":11}},{"start":{"line":31,"column":17},"end":{"line":35,"column":11}}],"line":29},"2":{"loc":{"start":{"line":31,"column":17},"end":{"line":35,"column":11}},"type":"if","locations":[{"start":{"line":31,"column":17},"end":{"line":35,"column":11}},{"start":{"line":33,"column":17},"end":{"line":35,"column":11}}],"line":31},"3":{"loc":{"start":{"line":51,"column":6},"end":{"line":69,"column":7}},"type":"if","locations":[{"start":{"line":51,"column":6},"end":{"line":69,"column":7}},{"start":{"line":62,"column":13},"end":{"line":69,"column":7}}],"line":51},"4":{"loc":{"start":{"line":58,"column":23},"end":{"line":58,"column":61}},"type":"binary-expr","locations":[{"start":{"line":58,"column":23},"end":{"line":58,"column":47}},{"start":{"line":58,"column":51},"end":{"line":58,"column":61}}],"line":58},"5":{"loc":{"start":{"line":81,"column":31},"end":{"line":81,"column":67}},"type":"default-arg","locations":[{"start":{"line":81,"column":39},"end":{"line":81,"column":67}}],"line":81}},"s":{"0":1,"1":25,"2":25,"3":25,"4":25,"5":25,"6":5,"7":1,"8":1,"9":1,"10":1,"11":1,"12":1,"13":4,"14":1,"15":3,"16":1,"17":2,"18":1,"19":1,"20":4,"21":25,"22":3,"23":3,"24":3,"25":2,"26":2,"27":2,"28":2,"29":1,"30":1,"31":1,"32":1,"33":2,"34":2,"35":2,"36":1,"37":1,"38":25,"39":1,"40":1,"41":25,"42":6,"43":6,"44":0},"f":{"0":25,"1":5,"2":1,"3":4,"4":3,"5":1,"6":6,"7":6,"8":0},"b":{"0":[1,3],"1":[1,2],"2":[1,1],"3":[1,1],"4":[1,0],"5":[0]},"_coverageSchema":"1a1c01bbd47fc00a2c39e90264f33305004495a9","hash":"cf959925b10a40329ab5615f3ee78c64d0103164"}
}
