TN:
SF:src\homepage.js
FN:12,(anonymous_0)
FN:38,(anonymous_1)
FN:41,(anonymous_2)
FN:69,(anonymous_3)
FN:73,(anonymous_4)
FN:73,(anonymous_5)
FN:74,(anonymous_6)
FN:74,(anonymous_7)
FN:90,(anonymous_8)
FN:94,(anonymous_9)
FN:99,(anonymous_10)
FN:102,(anonymous_11)
FN:113,(anonymous_12)
FN:128,(anonymous_13)
FN:136,(anonymous_14)
FN:139,(anonymous_15)
FN:140,(anonymous_16)
FN:149,(anonymous_17)
FN:156,(anonymous_18)
FN:156,(anonymous_19)
FN:157,(anonymous_20)
FN:157,(anonymous_21)
FN:178,(anonymous_22)
FN:178,(anonymous_23)
FN:179,(anonymous_24)
FN:179,(anonymous_25)
FN:192,(anonymous_26)
FN:198,(anonymous_27)
FN:204,(anonymous_28)
FN:219,(anonymous_29)
FN:234,(anonymous_30)
FN:250,(anonymous_31)
FN:259,(anonymous_32)
FN:260,(anonymous_33)
FN:320,(anonymous_34)
FN:323,(anonymous_35)
FN:326,(anonymous_36)
FN:329,(anonymous_37)
FN:337,(anonymous_38)
FN:341,(anonymous_39)
FN:355,(anonymous_40)
FN:359,(anonymous_41)
FN:373,(anonymous_42)
FN:384,(anonymous_43)
FNF:44
FNH:17
FNDA:28,(anonymous_0)
FNDA:10,(anonymous_1)
FNDA:10,(anonymous_2)
FNDA:0,(anonymous_3)
FNDA:0,(anonymous_4)
FNDA:0,(anonymous_5)
FNDA:0,(anonymous_6)
FNDA:0,(anonymous_7)
FNDA:4,(anonymous_8)
FNDA:4,(anonymous_9)
FNDA:0,(anonymous_10)
FNDA:0,(anonymous_11)
FNDA:4,(anonymous_12)
FNDA:0,(anonymous_13)
FNDA:0,(anonymous_14)
FNDA:0,(anonymous_15)
FNDA:0,(anonymous_16)
FNDA:0,(anonymous_17)
FNDA:0,(anonymous_18)
FNDA:0,(anonymous_19)
FNDA:0,(anonymous_20)
FNDA:0,(anonymous_21)
FNDA:4,(anonymous_22)
FNDA:0,(anonymous_23)
FNDA:4,(anonymous_24)
FNDA:0,(anonymous_25)
FNDA:0,(anonymous_26)
FNDA:0,(anonymous_27)
FNDA:0,(anonymous_28)
FNDA:0,(anonymous_29)
FNDA:1,(anonymous_30)
FNDA:0,(anonymous_31)
FNDA:0,(anonymous_32)
FNDA:0,(anonymous_33)
FNDA:1,(anonymous_34)
FNDA:1,(anonymous_35)
FNDA:1,(anonymous_36)
FNDA:1,(anonymous_37)
FNDA:1,(anonymous_38)
FNDA:0,(anonymous_39)
FNDA:1,(anonymous_40)
FNDA:0,(anonymous_41)
FNDA:1,(anonymous_42)
FNDA:1,(anonymous_43)
DA:10,1
DA:12,1
DA:13,28
DA:14,28
DA:15,28
DA:16,28
DA:17,28
DA:18,28
DA:19,28
DA:20,28
DA:21,28
DA:23,28
DA:38,28
DA:39,10
DA:41,10
DA:42,10
DA:43,10
DA:44,10
DA:45,10
DA:46,10
DA:48,10
DA:49,10
DA:50,10
DA:51,0
DA:62,0
DA:64,10
DA:67,10
DA:68,10
DA:69,10
DA:70,10
DA:71,10
DA:73,10
DA:74,10
DA:76,10
DA:77,10
DA:78,10
DA:80,0
DA:83,0
DA:87,10
DA:90,28
DA:91,4
DA:94,28
DA:95,4
DA:96,4
DA:99,28
DA:100,0
DA:101,0
DA:102,0
DA:103,0
DA:104,0
DA:105,0
DA:106,0
DA:108,0
DA:109,0
DA:113,28
DA:114,4
DA:116,4
DA:117,4
DA:119,4
DA:120,4
DA:123,4
DA:124,0
DA:126,0
DA:127,0
DA:128,0
DA:129,0
DA:130,0
DA:132,0
DA:134,0
DA:135,0
DA:136,0
DA:137,0
DA:139,0
DA:140,0
DA:142,0
DA:143,0
DA:144,0
DA:145,0
DA:146,0
DA:147,0
DA:148,0
DA:149,0
DA:150,0
DA:151,0
DA:152,0
DA:153,0
DA:156,0
DA:157,0
DA:158,0
DA:160,4
DA:166,4
DA:168,4
DA:178,4
DA:179,4
DA:180,4
DA:183,4
DA:185,0
DA:188,0
DA:192,28
DA:193,0
DA:194,0
DA:198,28
DA:199,0
DA:200,0
DA:204,28
DA:205,0
DA:206,0
DA:207,0
DA:208,0
DA:209,0
DA:210,0
DA:212,0
DA:215,0
DA:219,28
DA:220,0
DA:221,0
DA:222,0
DA:223,0
DA:224,0
DA:225,0
DA:227,0
DA:230,0
DA:234,28
DA:235,1
DA:236,1
DA:237,1
DA:238,1
DA:239,1
DA:240,1
DA:241,1
DA:243,0
DA:246,0
DA:250,28
DA:251,28
DA:253,28
DA:259,0
DA:260,0
DA:265,28
DA:275,28
DA:288,28
DA:320,1
DA:323,1
DA:326,1
DA:329,1
DA:337,1
DA:342,0
DA:355,1
DA:360,0
DA:373,1
DA:384,1
LF:150
LH:81
BRDA:42,0,0,10
BRDA:42,0,1,0
BRDA:50,1,0,0
BRDA:50,1,1,10
BRDA:68,2,0,10
BRDA:68,2,1,0
BRDA:70,3,0,0
BRDA:70,3,1,10
BRDA:78,4,0,10
BRDA:78,4,1,10
BRDA:116,5,0,4
BRDA:116,5,1,0
BRDA:116,6,0,4
BRDA:116,6,1,4
BRDA:123,7,0,0
BRDA:123,7,1,4
BRDA:124,8,0,0
BRDA:124,8,1,0
BRDA:126,9,0,0
BRDA:126,9,1,0
BRDA:129,10,0,0
BRDA:129,10,1,0
BRDA:129,11,0,0
BRDA:129,11,1,0
BRDA:130,12,0,0
BRDA:130,12,1,0
BRDA:135,13,0,0
BRDA:135,13,1,0
BRDA:137,14,0,0
BRDA:137,14,1,0
BRDA:143,15,0,0
BRDA:143,15,1,0
BRDA:147,16,0,0
BRDA:147,16,1,0
BRDA:193,17,0,0
BRDA:193,17,1,0
BRDA:199,18,0,0
BRDA:199,18,1,0
BRDA:205,19,0,0
BRDA:205,19,1,0
BRDA:205,20,0,0
BRDA:205,20,1,0
BRDA:220,21,0,0
BRDA:220,21,1,0
BRDA:220,22,0,0
BRDA:220,22,1,0
BRDA:235,23,0,1
BRDA:235,23,1,0
BRDA:235,24,0,1
BRDA:235,24,1,1
BRDA:290,25,0,28
BRDA:290,25,1,0
BRDA:311,26,0,0
BRDA:311,26,1,28
BRF:54
BRH:15
end_of_record
TN:
SF:src\login.js
FN:8,(anonymous_0)
FN:16,(anonymous_1)
FN:18,(anonymous_2)
FN:26,(anonymous_3)
FN:42,(anonymous_4)
FN:81,(anonymous_5)
FN:96,(anonymous_6)
FN:103,(anonymous_7)
FN:112,(anonymous_8)
FNF:9
FNH:8
FNDA:25,(anonymous_0)
FNDA:5,(anonymous_1)
FNDA:1,(anonymous_2)
FNDA:4,(anonymous_3)
FNDA:3,(anonymous_4)
FNDA:1,(anonymous_5)
FNDA:6,(anonymous_6)
FNDA:6,(anonymous_7)
FNDA:0,(anonymous_8)
DA:8,1
DA:9,25
DA:10,25
DA:11,25
DA:12,25
DA:16,25
DA:17,5
DA:19,1
DA:20,1
DA:21,1
DA:22,1
DA:23,1
DA:24,1
DA:27,4
DA:28,1
DA:29,3
DA:30,1
DA:31,2
DA:32,1
DA:34,1
DA:36,4
DA:42,25
DA:43,3
DA:44,3
DA:45,3
DA:46,2
DA:48,2
DA:49,2
DA:51,2
DA:52,1
DA:53,1
DA:63,1
DA:64,1
DA:71,2
DA:72,2
DA:73,2
DA:75,1
DA:76,1
DA:81,25
DA:82,1
DA:83,1
DA:86,25
DA:96,6
DA:103,6
DA:112,0
LF:45
LH:44
BRDA:27,0,0,1
BRDA:27,0,1,3
BRDA:29,1,0,1
BRDA:29,1,1,2
BRDA:31,2,0,1
BRDA:31,2,1,1
BRDA:51,3,0,1
BRDA:51,3,1,1
BRDA:58,4,0,1
BRDA:58,4,1,0
BRDA:81,5,0,0
BRF:11
BRH:9
end_of_record
